<?xml version="1.0" encoding="UTF-8"?>
<!-- Generated by org.testng.reporters.JUnitXMLReporter -->
<testsuite ignored="0" hostname="DESKTOP-ARGQRMQ" failures="0" tests="2" name="TestRunner1" time="172.278" errors="0" timestamp="2025-02-27T13:48:16 IST">
  <testcase classname="com.qspider.vtiger.com.test.cases.TestNG001_CreateOrganization" name="TestNG001_CreateOrganization" time="56.52"/>
  <testcase classname="com.qspider.vtiger.com.test.cases.TestNG001_CreateOrganization" name="testRegional" time="0.009"/>
</testsuite> <!-- TestRunner1 -->
